<?xml version="1.0" encoding="UTF-8"?>
<testng-results ignored="0" total="2" passed="2" failed="0" skipped="0">
  <reporter-output>
  </reporter-output>
  <suite started-at="2022-05-04T09:05:24 IST" name="orangeSuite" finished-at="2022-05-04T09:06:04 IST" duration-ms="40149">
    <groups>
    </groups>
    <test started-at="2022-05-04T09:05:24 IST" name="orangeTest_chrome" finished-at="2022-05-04T09:05:41 IST" duration-ms="16838">
      <class name="com.Test.Verifyorange_TC001">
        <test-method is-config="true" signature="Setup(java.lang.String)[pri:0, instance:com.Test.Verifyorange_TC001@33bc72d1]" started-at="2022-05-04T09:05:24 IST" name="Setup" finished-at="2022-05-04T09:05:32 IST" duration-ms="7650" status="PASS">
          <params>
            <param index="0">
              <value>
                <![CDATA[Chrome]]>
              </value>
            </param>
          </params>
          <reporter-output>
          </reporter-output>
        </test-method> <!-- Setup -->
        <test-method signature="verifyorange_tc001()[pri:0, instance:com.Test.Verifyorange_TC001@33bc72d1]" started-at="2022-05-04T09:05:32 IST" name="verifyorange_tc001" finished-at="2022-05-04T09:05:38 IST" duration-ms="6536" status="PASS">
          <reporter-output>
          </reporter-output>
        </test-method> <!-- verifyorange_tc001 -->
        <test-method is-config="true" signature="tearDown()[pri:0, instance:com.Test.Verifyorange_TC001@33bc72d1]" started-at="2022-05-04T09:05:40 IST" name="tearDown" finished-at="2022-05-04T09:05:41 IST" duration-ms="376" status="PASS">
          <reporter-output>
          </reporter-output>
        </test-method> <!-- tearDown -->
      </class> <!-- com.Test.Verifyorange_TC001 -->
    </test> <!-- orangeTest_chrome -->
    <test started-at="2022-05-04T09:05:41 IST" name="orangeTest_firefox" finished-at="2022-05-04T09:06:04 IST" duration-ms="22684">
      <class name="com.Test.Verifyorange_TC001">
        <test-method is-config="true" signature="configsetup()[pri:0, instance:com.Test.Verifyorange_TC001@1040be71]" started-at="2022-05-04T09:05:23 IST" name="configsetup" finished-at="2022-05-04T09:05:24 IST" duration-ms="620" status="PASS">
          <reporter-output>
          </reporter-output>
        </test-method> <!-- configsetup -->
        <test-method is-config="true" signature="Setup(java.lang.String)[pri:0, instance:com.Test.Verifyorange_TC001@1040be71]" started-at="2022-05-04T09:05:41 IST" name="Setup" finished-at="2022-05-04T09:05:55 IST" duration-ms="13281" status="PASS">
          <params>
            <param index="0">
              <value>
                <![CDATA[Firefox]]>
              </value>
            </param>
          </params>
          <reporter-output>
          </reporter-output>
        </test-method> <!-- Setup -->
        <test-method signature="verifyorange_tc001()[pri:0, instance:com.Test.Verifyorange_TC001@1040be71]" started-at="2022-05-04T09:05:55 IST" name="verifyorange_tc001" finished-at="2022-05-04T09:06:01 IST" duration-ms="5930" status="PASS">
          <reporter-output>
          </reporter-output>
        </test-method> <!-- verifyorange_tc001 -->
        <test-method is-config="true" signature="tearDown()[pri:0, instance:com.Test.Verifyorange_TC001@1040be71]" started-at="2022-05-04T09:06:03 IST" name="tearDown" finished-at="2022-05-04T09:06:04 IST" duration-ms="1307" status="PASS">
          <reporter-output>
          </reporter-output>
        </test-method> <!-- tearDown -->
      </class> <!-- com.Test.Verifyorange_TC001 -->
    </test> <!-- orangeTest_firefox -->
  </suite> <!-- orangeSuite -->
</testng-results>
